This is pdfTeX, Version 3.14159265-2.6-1.40.17 (MiKTeX 2.9) (preloaded format=pdflatex 2016.8.1)  4 OCT 2016 01:17
entering extended mode
**./praca_magisterska.tex
(praca_magisterska.tex
LaTeX2e <2016/03/31> patch level 1
Babel <3.9r> and hyphenation patterns for 75 language(s) loaded.
("C:\Program Files (x86)\MiKTeX 2.9\tex\latex\base\article.cls"
Document Class: article 2014/09/29 v1.4h Standard LaTeX document class
("C:\Program Files (x86)\MiKTeX 2.9\tex\latex\base\size12.clo"
File: size12.clo 2014/09/29 v1.4h Standard LaTeX file (size option)
)
\c@part=\count79
\c@section=\count80
\c@subsection=\count81
\c@subsubsection=\count82
\c@paragraph=\count83
\c@subparagraph=\count84
\c@figure=\count85
\c@table=\count86
\abovecaptionskip=\skip41
\belowcaptionskip=\skip42
\bibindent=\dimen102
)
("C:\Program Files (x86)\MiKTeX 2.9\tex\latex\base\inputenc.sty"
Package: inputenc 2015/03/17 v1.2c Input encoding file
\inpenc@prehook=\toks14
\inpenc@posthook=\toks15

("C:\Program Files (x86)\MiKTeX 2.9\tex\latex\base\utf8.def"
File: utf8.def 2016/02/28 v1.1s UTF-8 support for inputenc
Now handling font encoding OML ...
... no UTF-8 mapping file for font encoding OML
Now handling font encoding T1 ...
... processing UTF-8 mapping file for font encoding T1

("C:\Program Files (x86)\MiKTeX 2.9\tex\latex\base\t1enc.dfu"
File: t1enc.dfu 2016/02/28 v1.1s UTF-8 support for inputenc
   defining Unicode char U+00A0 (decimal 160)
   defining Unicode char U+00A1 (decimal 161)
   defining Unicode char U+00A3 (decimal 163)
   defining Unicode char U+00AB (decimal 171)
   defining Unicode char U+00AD (decimal 173)
   defining Unicode char U+00BB (decimal 187)
   defining Unicode char U+00BF (decimal 191)
   defining Unicode char U+00C0 (decimal 192)
   defining Unicode char U+00C1 (decimal 193)
   defining Unicode char U+00C2 (decimal 194)
   defining Unicode char U+00C3 (decimal 195)
   defining Unicode char U+00C4 (decimal 196)
   defining Unicode char U+00C5 (decimal 197)
   defining Unicode char U+00C6 (decimal 198)
   defining Unicode char U+00C7 (decimal 199)
   defining Unicode char U+00C8 (decimal 200)
   defining Unicode char U+00C9 (decimal 201)
   defining Unicode char U+00CA (decimal 202)
   defining Unicode char U+00CB (decimal 203)
   defining Unicode char U+00CC (decimal 204)
   defining Unicode char U+00CD (decimal 205)
   defining Unicode char U+00CE (decimal 206)
   defining Unicode char U+00CF (decimal 207)
   defining Unicode char U+00D0 (decimal 208)
   defining Unicode char U+00D1 (decimal 209)
   defining Unicode char U+00D2 (decimal 210)
   defining Unicode char U+00D3 (decimal 211)
   defining Unicode char U+00D4 (decimal 212)
   defining Unicode char U+00D5 (decimal 213)
   defining Unicode char U+00D6 (decimal 214)
   defining Unicode char U+00D8 (decimal 216)
   defining Unicode char U+00D9 (decimal 217)
   defining Unicode char U+00DA (decimal 218)
   defining Unicode char U+00DB (decimal 219)
   defining Unicode char U+00DC (decimal 220)
   defining Unicode char U+00DD (decimal 221)
   defining Unicode char U+00DE (decimal 222)
   defining Unicode char U+00DF (decimal 223)
   defining Unicode char U+00E0 (decimal 224)
   defining Unicode char U+00E1 (decimal 225)
   defining Unicode char U+00E2 (decimal 226)
   defining Unicode char U+00E3 (decimal 227)
   defining Unicode char U+00E4 (decimal 228)
   defining Unicode char U+00E5 (decimal 229)
   defining Unicode char U+00E6 (decimal 230)
   defining Unicode char U+00E7 (decimal 231)
   defining Unicode char U+00E8 (decimal 232)
   defining Unicode char U+00E9 (decimal 233)
   defining Unicode char U+00EA (decimal 234)
   defining Unicode char U+00EB (decimal 235)
   defining Unicode char U+00EC (decimal 236)
   defining Unicode char U+00ED (decimal 237)
   defining Unicode char U+00EE (decimal 238)
   defining Unicode char U+00EF (decimal 239)
   defining Unicode char U+00F0 (decimal 240)
   defining Unicode char U+00F1 (decimal 241)
   defining Unicode char U+00F2 (decimal 242)
   defining Unicode char U+00F3 (decimal 243)
   defining Unicode char U+00F4 (decimal 244)
   defining Unicode char U+00F5 (decimal 245)
   defining Unicode char U+00F6 (decimal 246)
   defining Unicode char U+00F8 (decimal 248)
   defining Unicode char U+00F9 (decimal 249)
   defining Unicode char U+00FA (decimal 250)
   defining Unicode char U+00FB (decimal 251)
   defining Unicode char U+00FC (decimal 252)
   defining Unicode char U+00FD (decimal 253)
   defining Unicode char U+00FE (decimal 254)
   defining Unicode char U+00FF (decimal 255)
   defining Unicode char U+0100 (decimal 256)
   defining Unicode char U+0101 (decimal 257)
   defining Unicode char U+0102 (decimal 258)
   defining Unicode char U+0103 (decimal 259)
   defining Unicode char U+0104 (decimal 260)
   defining Unicode char U+0105 (decimal 261)
   defining Unicode char U+0106 (decimal 262)
   defining Unicode char U+0107 (decimal 263)
   defining Unicode char U+0108 (decimal 264)
   defining Unicode char U+0109 (decimal 265)
   defining Unicode char U+010A (decimal 266)
   defining Unicode char U+010B (decimal 267)
   defining Unicode char U+010C (decimal 268)
   defining Unicode char U+010D (decimal 269)
   defining Unicode char U+010E (decimal 270)
   defining Unicode char U+010F (decimal 271)
   defining Unicode char U+0110 (decimal 272)
   defining Unicode char U+0111 (decimal 273)
   defining Unicode char U+0112 (decimal 274)
   defining Unicode char U+0113 (decimal 275)
   defining Unicode char U+0114 (decimal 276)
   defining Unicode char U+0115 (decimal 277)
   defining Unicode char U+0116 (decimal 278)
   defining Unicode char U+0117 (decimal 279)
   defining Unicode char U+0118 (decimal 280)
   defining Unicode char U+0119 (decimal 281)
   defining Unicode char U+011A (decimal 282)
   defining Unicode char U+011B (decimal 283)
   defining Unicode char U+011C (decimal 284)
   defining Unicode char U+011D (decimal 285)
   defining Unicode char U+011E (decimal 286)
   defining Unicode char U+011F (decimal 287)
   defining Unicode char U+0120 (decimal 288)
   defining Unicode char U+0121 (decimal 289)
   defining Unicode char U+0122 (decimal 290)
   defining Unicode char U+0123 (decimal 291)
   defining Unicode char U+0124 (decimal 292)
   defining Unicode char U+0125 (decimal 293)
   defining Unicode char U+0128 (decimal 296)
   defining Unicode char U+0129 (decimal 297)
   defining Unicode char U+012A (decimal 298)
   defining Unicode char U+012B (decimal 299)
   defining Unicode char U+012C (decimal 300)
   defining Unicode char U+012D (decimal 301)
   defining Unicode char U+012E (decimal 302)
   defining Unicode char U+012F (decimal 303)
   defining Unicode char U+0130 (decimal 304)
   defining Unicode char U+0131 (decimal 305)
   defining Unicode char U+0132 (decimal 306)
   defining Unicode char U+0133 (decimal 307)
   defining Unicode char U+0134 (decimal 308)
   defining Unicode char U+0135 (decimal 309)
   defining Unicode char U+0136 (decimal 310)
   defining Unicode char U+0137 (decimal 311)
   defining Unicode char U+0139 (decimal 313)
   defining Unicode char U+013A (decimal 314)
   defining Unicode char U+013B (decimal 315)
   defining Unicode char U+013C (decimal 316)
   defining Unicode char U+013D (decimal 317)
   defining Unicode char U+013E (decimal 318)
   defining Unicode char U+0141 (decimal 321)
   defining Unicode char U+0142 (decimal 322)
   defining Unicode char U+0143 (decimal 323)
   defining Unicode char U+0144 (decimal 324)
   defining Unicode char U+0145 (decimal 325)
   defining Unicode char U+0146 (decimal 326)
   defining Unicode char U+0147 (decimal 327)
   defining Unicode char U+0148 (decimal 328)
   defining Unicode char U+014A (decimal 330)
   defining Unicode char U+014B (decimal 331)
   defining Unicode char U+014C (decimal 332)
   defining Unicode char U+014D (decimal 333)
   defining Unicode char U+014E (decimal 334)
   defining Unicode char U+014F (decimal 335)
   defining Unicode char U+0150 (decimal 336)
   defining Unicode char U+0151 (decimal 337)
   defining Unicode char U+0152 (decimal 338)
   defining Unicode char U+0153 (decimal 339)
   defining Unicode char U+0154 (decimal 340)
   defining Unicode char U+0155 (decimal 341)
   defining Unicode char U+0156 (decimal 342)
   defining Unicode char U+0157 (decimal 343)
   defining Unicode char U+0158 (decimal 344)
   defining Unicode char U+0159 (decimal 345)
   defining Unicode char U+015A (decimal 346)
   defining Unicode char U+015B (decimal 347)
   defining Unicode char U+015C (decimal 348)
   defining Unicode char U+015D (decimal 349)
   defining Unicode char U+015E (decimal 350)
   defining Unicode char U+015F (decimal 351)
   defining Unicode char U+0160 (decimal 352)
   defining Unicode char U+0161 (decimal 353)
   defining Unicode char U+0162 (decimal 354)
   defining Unicode char U+0163 (decimal 355)
   defining Unicode char U+0164 (decimal 356)
   defining Unicode char U+0165 (decimal 357)
   defining Unicode char U+0168 (decimal 360)
   defining Unicode char U+0169 (decimal 361)
   defining Unicode char U+016A (decimal 362)
   defining Unicode char U+016B (decimal 363)
   defining Unicode char U+016C (decimal 364)
   defining Unicode char U+016D (decimal 365)
   defining Unicode char U+016E (decimal 366)
   defining Unicode char U+016F (decimal 367)
   defining Unicode char U+0170 (decimal 368)
   defining Unicode char U+0171 (decimal 369)
   defining Unicode char U+0172 (decimal 370)
   defining Unicode char U+0173 (decimal 371)
   defining Unicode char U+0174 (decimal 372)
   defining Unicode char U+0175 (decimal 373)
   defining Unicode char U+0176 (decimal 374)
   defining Unicode char U+0177 (decimal 375)
   defining Unicode char U+0178 (decimal 376)
   defining Unicode char U+0179 (decimal 377)
   defining Unicode char U+017A (decimal 378)
   defining Unicode char U+017B (decimal 379)
   defining Unicode char U+017C (decimal 380)
   defining Unicode char U+017D (decimal 381)
   defining Unicode char U+017E (decimal 382)
   defining Unicode char U+01CD (decimal 461)
   defining Unicode char U+01CE (decimal 462)
   defining Unicode char U+01CF (decimal 463)
   defining Unicode char U+01D0 (decimal 464)
   defining Unicode char U+01D1 (decimal 465)
   defining Unicode char U+01D2 (decimal 466)
   defining Unicode char U+01D3 (decimal 467)
   defining Unicode char U+01D4 (decimal 468)
   defining Unicode char U+01E2 (decimal 482)
   defining Unicode char U+01E3 (decimal 483)
   defining Unicode char U+01E6 (decimal 486)
   defining Unicode char U+01E7 (decimal 487)
   defining Unicode char U+01E8 (decimal 488)
   defining Unicode char U+01E9 (decimal 489)
   defining Unicode char U+01EA (decimal 490)
   defining Unicode char U+01EB (decimal 491)
   defining Unicode char U+01F0 (decimal 496)
   defining Unicode char U+01F4 (decimal 500)
   defining Unicode char U+01F5 (decimal 501)
   defining Unicode char U+0218 (decimal 536)
   defining Unicode char U+0219 (decimal 537)
   defining Unicode char U+021A (decimal 538)
   defining Unicode char U+021B (decimal 539)
   defining Unicode char U+1E02 (decimal 7682)
   defining Unicode char U+1E03 (decimal 7683)
   defining Unicode char U+200C (decimal 8204)
   defining Unicode char U+2010 (decimal 8208)
   defining Unicode char U+2011 (decimal 8209)
   defining Unicode char U+2012 (decimal 8210)
   defining Unicode char U+2013 (decimal 8211)
   defining Unicode char U+2014 (decimal 8212)
   defining Unicode char U+2015 (decimal 8213)
   defining Unicode char U+2018 (decimal 8216)
   defining Unicode char U+2019 (decimal 8217)
   defining Unicode char U+201A (decimal 8218)
   defining Unicode char U+201C (decimal 8220)
   defining Unicode char U+201D (decimal 8221)
   defining Unicode char U+201E (decimal 8222)
   defining Unicode char U+2030 (decimal 8240)
   defining Unicode char U+2031 (decimal 8241)
   defining Unicode char U+2039 (decimal 8249)
   defining Unicode char U+203A (decimal 8250)
   defining Unicode char U+2423 (decimal 9251)
)
Now handling font encoding OT1 ...
... processing UTF-8 mapping file for font encoding OT1

("C:\Program Files (x86)\MiKTeX 2.9\tex\latex\base\ot1enc.dfu"
File: ot1enc.dfu 2016/02/28 v1.1s UTF-8 support for inputenc
   defining Unicode char U+00A0 (decimal 160)
   defining Unicode char U+00A1 (decimal 161)
   defining Unicode char U+00A3 (decimal 163)
   defining Unicode char U+00AD (decimal 173)
   defining Unicode char U+00B8 (decimal 184)
   defining Unicode char U+00BF (decimal 191)
   defining Unicode char U+00C5 (decimal 197)
   defining Unicode char U+00C6 (decimal 198)
   defining Unicode char U+00D8 (decimal 216)
   defining Unicode char U+00DF (decimal 223)
   defining Unicode char U+00E6 (decimal 230)
   defining Unicode char U+00EC (decimal 236)
   defining Unicode char U+00ED (decimal 237)
   defining Unicode char U+00EE (decimal 238)
   defining Unicode char U+00EF (decimal 239)
   defining Unicode char U+00F8 (decimal 248)
   defining Unicode char U+0131 (decimal 305)
   defining Unicode char U+0141 (decimal 321)
   defining Unicode char U+0142 (decimal 322)
   defining Unicode char U+0152 (decimal 338)
   defining Unicode char U+0153 (decimal 339)
   defining Unicode char U+0174 (decimal 372)
   defining Unicode char U+0175 (decimal 373)
   defining Unicode char U+0176 (decimal 374)
   defining Unicode char U+0177 (decimal 375)
   defining Unicode char U+0218 (decimal 536)
   defining Unicode char U+0219 (decimal 537)
   defining Unicode char U+021A (decimal 538)
   defining Unicode char U+021B (decimal 539)
   defining Unicode char U+2013 (decimal 8211)
   defining Unicode char U+2014 (decimal 8212)
   defining Unicode char U+2018 (decimal 8216)
   defining Unicode char U+2019 (decimal 8217)
   defining Unicode char U+201C (decimal 8220)
   defining Unicode char U+201D (decimal 8221)
)
Now handling font encoding OMS ...
... processing UTF-8 mapping file for font encoding OMS

("C:\Program Files (x86)\MiKTeX 2.9\tex\latex\base\omsenc.dfu"
File: omsenc.dfu 2016/02/28 v1.1s UTF-8 support for inputenc
   defining Unicode char U+00A7 (decimal 167)
   defining Unicode char U+00B6 (decimal 182)
   defining Unicode char U+00B7 (decimal 183)
   defining Unicode char U+2020 (decimal 8224)
   defining Unicode char U+2021 (decimal 8225)
   defining Unicode char U+2022 (decimal 8226)
)
Now handling font encoding OMX ...
... no UTF-8 mapping file for font encoding OMX
Now handling font encoding U ...
... no UTF-8 mapping file for font encoding U
   defining Unicode char U+00A9 (decimal 169)
   defining Unicode char U+00AA (decimal 170)
   defining Unicode char U+00AE (decimal 174)
   defining Unicode char U+00BA (decimal 186)
   defining Unicode char U+02C6 (decimal 710)
   defining Unicode char U+02DC (decimal 732)
   defining Unicode char U+200C (decimal 8204)
   defining Unicode char U+2026 (decimal 8230)
   defining Unicode char U+2122 (decimal 8482)
   defining Unicode char U+2423 (decimal 9251)
))
(C:\Users\Tomek\AppData\Roaming\MiKTeX\2.9\tex\latex\polski\polski.sty
Package: polski 2008/02/24 v1.3.3 Polish language package

Document language package `polski' v1.3.3 <2008/02/24>
   Inputenc package detected. Catcodes not changed.
\l@nohyphenation=\language75
) ("C:\Program Files (x86)\MiKTeX 2.9\tex\latex\psnfss\helvet.sty"
Package: helvet 2005/04/12 PSNFSS-v9.2a (WaS) 

("C:\Program Files (x86)\MiKTeX 2.9\tex\latex\graphics\keyval.sty"
Package: keyval 2014/10/28 v1.15 key=value parser (DPC)
\KV@toks@=\toks16
))
("C:\Program Files (x86)\MiKTeX 2.9\tex\latex\graphics\color.sty"
Package: color 2016/06/02 v1.1d Standard LaTeX Color (DPC)

("C:\Program Files (x86)\MiKTeX 2.9\tex\latex\00miktex\color.cfg"
File: color.cfg 2016/01/02 v1.6 sample color configuration
)
Package color Info: Driver file: pdftex.def on input line 147.

("C:\Program Files (x86)\MiKTeX 2.9\tex\latex\pdftex-def\pdftex.def"
File: pdftex.def 2016/06/17 v0.06h Graphics/color for pdfTeX

("C:\Program Files (x86)\MiKTeX 2.9\tex\generic\oberdiek\infwarerr.sty"
Package: infwarerr 2016/05/16 v1.4 Providing info/warning/error messages (HO)
)
("C:\Program Files (x86)\MiKTeX 2.9\tex\generic\oberdiek\ltxcmds.sty"
Package: ltxcmds 2016/05/16 v1.23 LaTeX kernel commands for general use (HO)
)
\Gread@gobject=\count87
))
("C:\Program Files (x86)\MiKTeX 2.9\tex\latex\tools\tabularx.sty"
Package: tabularx 2016/02/03 v2.11 `tabularx' package (DPC)

("C:\Program Files (x86)\MiKTeX 2.9\tex\latex\tools\array.sty"
Package: array 2014/10/28 v2.4c Tabular extension package (FMi)
\col@sep=\dimen103
\extrarowheight=\dimen104
\NC@list=\toks17
\extratabsurround=\skip43
\backup@length=\skip44
)
\TX@col@width=\dimen105
\TX@old@table=\dimen106
\TX@old@col=\dimen107
\TX@target=\dimen108
\TX@delta=\dimen109
\TX@cols=\count88
\TX@ftn=\toks18
)
("C:\Program Files (x86)\MiKTeX 2.9\tex\latex\graphics\graphicx.sty"
Package: graphicx 2014/10/28 v1.0g Enhanced LaTeX Graphics (DPC,SPQR)

("C:\Program Files (x86)\MiKTeX 2.9\tex\latex\graphics\graphics.sty"
Package: graphics 2016/06/02 v1.0s Standard LaTeX Graphics (DPC,SPQR)

("C:\Program Files (x86)\MiKTeX 2.9\tex\latex\graphics\trig.sty"
Package: trig 2016/01/03 v1.10 sin cos tan (DPC)
)
("C:\Program Files (x86)\MiKTeX 2.9\tex\latex\00miktex\graphics.cfg"
File: graphics.cfg 2016/06/04 v1.11 sample graphics configuration
)
Package graphics Info: Driver file: pdftex.def on input line 99.
)
\Gin@req@height=\dimen110
\Gin@req@width=\dimen111
)
("C:\Program Files (x86)\MiKTeX 2.9\tex\latex\amsmath\amsmath.sty"
Package: amsmath 2016/03/10 v2.15b AMS math features
\@mathmargin=\skip45

For additional information on amsmath, use the `?' option.
("C:\Program Files (x86)\MiKTeX 2.9\tex\latex\amsmath\amstext.sty"
Package: amstext 2000/06/29 v2.01 AMS text

("C:\Program Files (x86)\MiKTeX 2.9\tex\latex\amsmath\amsgen.sty"
File: amsgen.sty 1999/11/30 v2.0 generic functions
\@emptytoks=\toks19
\ex@=\dimen112
))
("C:\Program Files (x86)\MiKTeX 2.9\tex\latex\amsmath\amsbsy.sty"
Package: amsbsy 1999/11/29 v1.2d Bold Symbols
\pmbraise@=\dimen113
)
("C:\Program Files (x86)\MiKTeX 2.9\tex\latex\amsmath\amsopn.sty"
Package: amsopn 2016/03/08 v2.02 operator names
)
\inf@bad=\count89
LaTeX Info: Redefining \frac on input line 199.
\uproot@=\count90
\leftroot@=\count91
LaTeX Info: Redefining \overline on input line 297.
\classnum@=\count92
\DOTSCASE@=\count93
LaTeX Info: Redefining \ldots on input line 394.
LaTeX Info: Redefining \dots on input line 397.
LaTeX Info: Redefining \cdots on input line 518.
\Mathstrutbox@=\box26
\strutbox@=\box27
\big@size=\dimen114
LaTeX Font Info:    Redeclaring font encoding OML on input line 634.
LaTeX Font Info:    Redeclaring font encoding OMS on input line 635.
\macc@depth=\count94
\c@MaxMatrixCols=\count95
\dotsspace@=\muskip10
\c@parentequation=\count96
\dspbrk@lvl=\count97
\tag@help=\toks20
\row@=\count98
\column@=\count99
\maxfields@=\count100
\andhelp@=\toks21
\eqnshift@=\dimen115
\alignsep@=\dimen116
\tagshift@=\dimen117
\tagwidth@=\dimen118
\totwidth@=\dimen119
\lineht@=\dimen120
\@envbody=\toks22
\multlinegap=\skip46
\multlinetaggap=\skip47
\mathdisplay@stack=\toks23
LaTeX Info: Redefining \[ on input line 2739.
LaTeX Info: Redefining \] on input line 2740.
)
("C:\Program Files (x86)\MiKTeX 2.9\tex\latex\geometry\geometry.sty"
Package: geometry 2010/09/12 v5.6 Page Geometry

("C:\Program Files (x86)\MiKTeX 2.9\tex\generic\oberdiek\ifpdf.sty"
Package: ifpdf 2016/05/14 v3.1 Provides the ifpdf switch
)
("C:\Program Files (x86)\MiKTeX 2.9\tex\generic\oberdiek\ifvtex.sty"
Package: ifvtex 2016/05/16 v1.6 Detect VTeX and its facilities (HO)
Package ifvtex Info: VTeX not detected.
)
("C:\Program Files (x86)\MiKTeX 2.9\tex\generic\ifxetex\ifxetex.sty"
Package: ifxetex 2010/09/12 v0.6 Provides ifxetex conditional
)
\Gm@cnth=\count101
\Gm@cntv=\count102
\c@Gm@tempcnt=\count103
\Gm@bindingoffset=\dimen121
\Gm@wd@mp=\dimen122
\Gm@odd@mp=\dimen123
\Gm@even@mp=\dimen124
\Gm@layoutwidth=\dimen125
\Gm@layoutheight=\dimen126
\Gm@layouthoffset=\dimen127
\Gm@layoutvoffset=\dimen128
\Gm@dimlist=\toks24

("C:\Program Files (x86)\MiKTeX 2.9\tex\latex\geometry\geometry.cfg"))
("C:\Program Files (x86)\MiKTeX 2.9\tex\latex\multirow\multirow.sty"
\bigstrutjot=\dimen129
)
("C:\Program Files (x86)\MiKTeX 2.9\tex\latex\tools\indentfirst.sty"
Package: indentfirst 1995/11/23 v1.03 Indent first paragraph (DPC)
)
(C:\Users\Tomek\AppData\Roaming\MiKTeX\2.9\tex\latex\wrapfig\wrapfig.sty
\wrapoverhang=\dimen130
\WF@size=\dimen131
\c@WF@wrappedlines=\count104
\WF@box=\box28
\WF@everypar=\toks25
Package: wrapfig 2003/01/31  v 3.6
)
(C:\Users\Tomek\AppData\Roaming\MiKTeX\2.9\tex\latex\caption\caption.sty
Package: caption 2016/02/21 v3.3-144 Customizing captions (AR)

(C:\Users\Tomek\AppData\Roaming\MiKTeX\2.9\tex\latex\caption\caption3.sty
Package: caption3 2016/05/22 v1.7-166 caption3 kernel (AR)
Package caption3 Info: TeX engine: e-TeX on input line 67.
\captionmargin=\dimen132
\captionmargin@=\dimen133
\captionwidth=\dimen134
\caption@tempdima=\dimen135
\caption@indent=\dimen136
\caption@parindent=\dimen137
\caption@hangindent=\dimen138
)
\c@ContinuedFloat=\count105
Package caption Info: wrapfig package is loaded.
)
(C:\Users\Tomek\AppData\Roaming\MiKTeX\2.9\tex\latex\appendix\appendix.sty
Package: appendix 2009/09/02 v1.2b extra appendix facilities
\c@@pps=\count106
\c@@ppsavesec=\count107
\c@@ppsaveapp=\count108
)
(C:\Users\Tomek\AppData\Roaming\MiKTeX\2.9\tex\latex\tocbibind\tocbibind.sty
Package: tocbibind 2010/10/13 v1.5k extra ToC listings
Package tocbibind Info: The document has section divisions on input line 50.


Package tocbibind Note: Using section or other style headings.

) (C:\Users\Tomek\AppData\Roaming\MiKTeX\2.9\tex\latex\pdfpages\pdfpages.sty
Package: pdfpages 2016/04/19 v0.5f Insert pages of external PDF documents (AM)

("C:\Program Files (x86)\MiKTeX 2.9\tex\latex\base\ifthen.sty"
Package: ifthen 2014/09/29 v1.1c Standard LaTeX ifthen package (DPC)
)
("C:\Program Files (x86)\MiKTeX 2.9\tex\latex\tools\calc.sty"
Package: calc 2014/10/28 v4.3 Infix arithmetic (KKT,FJ)
\calc@Acount=\count109
\calc@Bcount=\count110
\calc@Adimen=\dimen139
\calc@Bdimen=\dimen140
\calc@Askip=\skip48
\calc@Bskip=\skip49
LaTeX Info: Redefining \setlength on input line 80.
LaTeX Info: Redefining \addtolength on input line 81.
\calc@Ccount=\count111
\calc@Cskip=\skip50
)
(C:\Users\Tomek\AppData\Roaming\MiKTeX\2.9\tex\latex\eso-pic\eso-pic.sty
Package: eso-pic 2015/07/21 v2.0g eso-pic (RN)

("C:\Program Files (x86)\MiKTeX 2.9\tex\generic\oberdiek\atbegshi.sty"
Package: atbegshi 2016/06/09 v1.18 At begin shipout hook (HO)
))
\AM@pagewidth=\dimen141
\AM@pageheight=\dimen142

(C:\Users\Tomek\AppData\Roaming\MiKTeX\2.9\tex\latex\pdfpages\pppdftex.def
File: pppdftex.def 2016/04/19 v0.5f Pdfpages driver for pdfTeX (AM)
)
\AM@pagebox=\box29
\AM@global@opts=\toks26
\AM@toc@title=\toks27
\c@AM@survey=\count112
\AM@templatesizebox=\box30
)
("C:\Program Files (x86)\MiKTeX 2.9\tex\latex\hyperref\hyperref.sty"
Package: hyperref 2016/05/21 v6.83p Hypertext links for LaTeX

("C:\Program Files (x86)\MiKTeX 2.9\tex\generic\oberdiek\hobsub-hyperref.sty"
Package: hobsub-hyperref 2016/05/16 v1.14 Bundle oberdiek, subset hyperref (HO)


("C:\Program Files (x86)\MiKTeX 2.9\tex\generic\oberdiek\hobsub-generic.sty"
Package: hobsub-generic 2016/05/16 v1.14 Bundle oberdiek, subset generic (HO)
Package: hobsub 2016/05/16 v1.14 Construct package bundles (HO)
Package hobsub Info: Skipping package `infwarerr' (already loaded).
Package hobsub Info: Skipping package `ltxcmds' (already loaded).
Package: ifluatex 2016/05/16 v1.4 Provides the ifluatex switch (HO)
Package ifluatex Info: LuaTeX not detected.
Package hobsub Info: Skipping package `ifvtex' (already loaded).
Package: intcalc 2016/05/16 v1.2 Expandable calculations with integers (HO)
Package hobsub Info: Skipping package `ifpdf' (already loaded).
Package: etexcmds 2016/05/16 v1.6 Avoid name clashes with e-TeX commands (HO)
Package etexcmds Info: Could not find \expanded.
(etexcmds)             That can mean that you are not using pdfTeX 1.50 or
(etexcmds)             that some package has redefined \expanded.
(etexcmds)             In the latter case, load this package earlier.
Package: kvsetkeys 2016/05/16 v1.17 Key value parser (HO)
Package: kvdefinekeys 2016/05/16 v1.4 Define keys (HO)
Package: pdftexcmds 2016/05/21 v0.22 Utility functions of pdfTeX for LuaTeX (HO
)
Package pdftexcmds Info: LuaTeX not detected.
Package pdftexcmds Info: \pdf@primitive is available.
Package pdftexcmds Info: \pdf@ifprimitive is available.
Package pdftexcmds Info: \pdfdraftmode found.
Package: pdfescape 2016/05/16 v1.14 Implements pdfTeX's escape features (HO)
Package: bigintcalc 2016/05/16 v1.4 Expandable calculations on big integers (HO
)
Package: bitset 2016/05/16 v1.2 Handle bit-vector datatype (HO)
Package: uniquecounter 2016/05/16 v1.3 Provide unlimited unique counter (HO)
)
Package hobsub Info: Skipping package `hobsub' (already loaded).
Package: letltxmacro 2016/05/16 v1.5 Let assignment for LaTeX macros (HO)
Package: hopatch 2016/05/16 v1.3 Wrapper for package hooks (HO)
Package: xcolor-patch 2016/05/16 xcolor patch
Package: atveryend 2016/05/16 v1.9 Hooks at the very end of document (HO)
Package atveryend Info: \enddocument detected (standard20110627).
Package hobsub Info: Skipping package `atbegshi' (already loaded).
Package: refcount 2016/05/16 v3.5 Data extraction from label references (HO)
Package: hycolor 2016/05/16 v1.8 Color options for hyperref/bookmark (HO)
)
("C:\Program Files (x86)\MiKTeX 2.9\tex\latex\oberdiek\auxhook.sty"
Package: auxhook 2016/05/16 v1.4 Hooks for auxiliary files (HO)
)
("C:\Program Files (x86)\MiKTeX 2.9\tex\latex\oberdiek\kvoptions.sty"
Package: kvoptions 2016/05/16 v3.12 Key value format for package options (HO)
)
\@linkdim=\dimen143
\Hy@linkcounter=\count113
\Hy@pagecounter=\count114

("C:\Program Files (x86)\MiKTeX 2.9\tex\latex\hyperref\pd1enc.def"
File: pd1enc.def 2016/05/21 v6.83p Hyperref: PDFDocEncoding definition (HO)
Now handling font encoding PD1 ...
... no UTF-8 mapping file for font encoding PD1
)
\Hy@SavedSpaceFactor=\count115

("C:\Program Files (x86)\MiKTeX 2.9\tex\latex\00miktex\hyperref.cfg"
File: hyperref.cfg 2002/06/06 v1.2 hyperref configuration of TeXLive
)
Package hyperref Info: Hyper figures OFF on input line 4486.
Package hyperref Info: Link nesting OFF on input line 4491.
Package hyperref Info: Hyper index ON on input line 4494.
Package hyperref Info: Plain pages OFF on input line 4501.
Package hyperref Info: Backreferencing OFF on input line 4506.
Package hyperref Info: Implicit mode ON; LaTeX internals redefined.
Package hyperref Info: Bookmarks ON on input line 4735.
\c@Hy@tempcnt=\count116

(C:\Users\Tomek\AppData\Roaming\MiKTeX\2.9\tex\latex\url\url.sty
\Urlmuskip=\muskip11
Package: url 2013/09/16  ver 3.4  Verb mode for urls, etc.
)
LaTeX Info: Redefining \url on input line 5088.
\XeTeXLinkMargin=\dimen144
\Fld@menulength=\count117
\Field@Width=\dimen145
\Fld@charsize=\dimen146
Package hyperref Info: Hyper figures OFF on input line 6342.
Package hyperref Info: Link nesting OFF on input line 6347.
Package hyperref Info: Hyper index ON on input line 6350.
Package hyperref Info: backreferencing OFF on input line 6357.
Package hyperref Info: Link coloring OFF on input line 6362.
Package hyperref Info: Link coloring with OCG OFF on input line 6367.
Package hyperref Info: PDF/A mode OFF on input line 6372.
LaTeX Info: Redefining \ref on input line 6412.
LaTeX Info: Redefining \pageref on input line 6416.
\Hy@abspage=\count118
\c@Item=\count119
\c@Hfootnote=\count120
)

Package hyperref Message: Driver (autodetected): hpdftex.

("C:\Program Files (x86)\MiKTeX 2.9\tex\latex\hyperref\hpdftex.def"
File: hpdftex.def 2016/05/21 v6.83p Hyperref driver for pdfTeX
\Fld@listcount=\count121
\c@bookmark@seq@number=\count122

("C:\Program Files (x86)\MiKTeX 2.9\tex\latex\oberdiek\rerunfilecheck.sty"
Package: rerunfilecheck 2016/05/16 v1.8 Rerun checks for auxiliary files (HO)
Package uniquecounter Info: New unique counter `rerunfilecheck' on input line 2
82.
)
\Hy@SectionHShift=\skip51
)
(C:\Users\Tomek\AppData\Roaming\MiKTeX\2.9\tex\latex\chngcntr\chngcntr.sty
Package: chngcntr 2009/09/02 v1.0a change counter resetting
)
("C:\Program Files (x86)\MiKTeX 2.9\tex\latex\graphics\rotating.sty"
Package: rotating 2016/05/22 v2.16c rotated objects in LaTeX
\c@r@tfl@t=\count123
\rotFPtop=\skip52
\rotFPbot=\skip53
\rot@float@box=\box31
\rot@mess@toks=\toks28
)
("C:\Program Files (x86)\MiKTeX 2.9\tex\latex\tools\longtable.sty"
Package: longtable 2014/10/28 v4.11 Multi-page Table package (DPC)
\LTleft=\skip54
\LTright=\skip55
\LTpre=\skip56
\LTpost=\skip57
\LTchunksize=\count124
\LTcapwidth=\dimen147
\LT@head=\box32
\LT@firsthead=\box33
\LT@foot=\box34
\LT@lastfoot=\box35
\LT@cols=\count125
\LT@rows=\count126
\c@LT@tables=\count127
\c@LT@chunks=\count128
\LT@p@ftn=\toks29
)
(C:\Users\Tomek\AppData\Roaming\MiKTeX\2.9\tex\latex\standalone\standalone.sty
Package: standalone 2015/07/15 v1.2 Package to include TeX sub-files with pream
bles

("C:\Program Files (x86)\MiKTeX 2.9\tex\latex\xkeyval\xkeyval.sty"
Package: xkeyval 2014/12/03 v2.7a package option processing (HA)

("C:\Program Files (x86)\MiKTeX 2.9\tex\generic\xkeyval\xkeyval.tex"
("C:\Program Files (x86)\MiKTeX 2.9\tex\generic\xkeyval\xkvutils.tex"
\XKV@toks=\toks30
\XKV@tempa@toks=\toks31
)
\XKV@depth=\count129
File: xkeyval.tex 2014/12/03 v2.7a key=value parser (HA)
))
(C:\Users\Tomek\AppData\Roaming\MiKTeX\2.9\tex\latex\currfile\currfile.sty
Package: currfile 2015/04/23 v0.7c Provides the file path elements of the curre
nt input file

(C:\Users\Tomek\AppData\Roaming\MiKTeX\2.9\tex\latex\filehook\filehook.sty
Package: filehook 2011/10/12 v0.5d Hooks for input files
)
\c@currfiledepth=\count130
)
(C:\Users\Tomek\AppData\Roaming\MiKTeX\2.9\tex\latex\gincltex\gincltex.sty
(C:\Users\Tomek\AppData\Roaming\MiKTeX\2.9\tex\latex\svn-prov\svn-prov.sty
Package: svn-prov 2010/04/24 v3.1862 Package Date/Version from SVN Keywords
)
Package: gincltex 2011/09/04 v0.3 Include external LaTeX files like graphics

(C:\Users\Tomek\AppData\Roaming\MiKTeX\2.9\tex\latex\adjustbox\adjustbox.sty
Package: adjustbox 2012/05/21 v1.0 Adjusting TeX boxes (trim, clip, ...)

(C:\Users\Tomek\AppData\Roaming\MiKTeX\2.9\tex\latex\adjustbox\adjcalc.sty
Package: adjcalc 2012/05/16 v1.1 Provides advanced setlength with multiple back
-ends (calc, etex, pgfmath)
)
(C:\Users\Tomek\AppData\Roaming\MiKTeX\2.9\tex\latex\adjustbox\trimclip.sty
Package: trimclip 2012/05/16 v1.0 Trim and clip general TeX material

(C:\Users\Tomek\AppData\Roaming\MiKTeX\2.9\tex\latex\collectbox\collectbox.sty
Package: collectbox 2012/05/17 v0.4b Collect macro arguments as boxes
\collectedbox=\box36
)
\tc@llx=\dimen148
\tc@lly=\dimen149
\tc@urx=\dimen150
\tc@ury=\dimen151
Package trimclip Info: Using driver 'tc-pdftex.def'.
(C:\Users\Tomek\AppData\Roaming\MiKTeX\2.9\tex\latex\adjustbox\tc-pdftex.def
File: tc-pdftex.def 2012/05/13 v1.0 Clipping driver for pdftex
))
\adjbox@Width=\dimen152
\adjbox@Height=\dimen153
\adjbox@Depth=\dimen154
\adjbox@Totalheight=\dimen155

(C:\Users\Tomek\AppData\Roaming\MiKTeX\2.9\tex\latex\ifoddpage\ifoddpage.sty
Package: ifoddpage 2016/04/23 v1.1 Conditionals for odd/even page detection
\c@checkoddpage=\count131
)
("C:\Program Files (x86)\MiKTeX 2.9\tex\latex\ltxmisc\varwidth.sty"
Package: varwidth 2009/03/30 ver 0.92;  Variable-width minipages
\@vwid@box=\box37
\sift@deathcycles=\count132
\@vwid@loff=\dimen156
\@vwid@roff=\dimen157
))
\gincltex@box=\box38
)
(C:\Users\Tomek\AppData\Roaming\MiKTeX\2.9\tex\latex\filemod\filemod-expmin.sty
Package: filemod-expmin 2011/09/19 v1.2 Get and compare file modification times
 (expandable; minimal)
))
Package hyperref Info: Option `colorlinks' set `true' on input line 28.
 (praca_magisterska.aux

LaTeX Warning: Label `eq:bragg' multiply defined.

(opornosc.aux

LaTeX Warning: Label `skladoweDy' multiply defined.


LaTeX Warning: Label `skladoweGd' multiply defined.


LaTeX Warning: Label `skladoweHo' multiply defined.


LaTeX Warning: Label `skladoweTb' multiply defined.


LaTeX Warning: Label `skladoweY' multiply defined.

) (dodatki.aux))
\openout1 = `praca_magisterska.aux'.

LaTeX Font Info:    Checking defaults for OML/cmm/m/it on input line 49.
LaTeX Font Info:    ... okay on input line 49.
LaTeX Font Info:    Checking defaults for T1/cmr/m/n on input line 49.
LaTeX Font Info:    ... okay on input line 49.
LaTeX Font Info:    Checking defaults for OT1/cmr/m/n on input line 49.
LaTeX Font Info:    ... okay on input line 49.
LaTeX Font Info:    Checking defaults for OMS/cmsy/m/n on input line 49.
LaTeX Font Info:    ... okay on input line 49.
LaTeX Font Info:    Checking defaults for OMX/cmex/m/n on input line 49.
LaTeX Font Info:    ... okay on input line 49.
LaTeX Font Info:    Checking defaults for U/cmr/m/n on input line 49.
LaTeX Font Info:    ... okay on input line 49.
LaTeX Font Info:    Checking defaults for PD1/pdf/m/n on input line 49.
LaTeX Font Info:    ... okay on input line 49.

(C:\Users\Tomek\AppData\Roaming\MiKTeX\2.9\tex\context\base\supp-pdf.mkii
[Loading MPS to PDF converter (version 2006.09.02).]
\scratchcounter=\count133
\scratchdimen=\dimen158
\scratchbox=\box39
\nofMPsegments=\count134
\nofMParguments=\count135
\everyMPshowfont=\toks32
\MPscratchCnt=\count136
\MPscratchDim=\dimen159
\MPnumerator=\count137
\makeMPintoPDFobject=\count138
\everyMPtoPDFconversion=\toks33
) ("C:\Program Files (x86)\MiKTeX 2.9\tex\latex\oberdiek\epstopdf-base.sty"
Package: epstopdf-base 2016/05/15 v2.6 Base part for package epstopdf

("C:\Program Files (x86)\MiKTeX 2.9\tex\latex\oberdiek\grfext.sty"
Package: grfext 2016/05/16 v1.2 Manage graphics extensions (HO)
)
Package epstopdf-base Info: Redefining graphics rule for `.eps' on input line 4
38.
Package grfext Info: Graphics extension search list:
(grfext)             [.png,.pdf,.jpg,.mps,.jpeg,.jbig2,.jb2,.PNG,.PDF,.JPG,.JPE
G,.JBIG2,.JB2,.eps]
(grfext)             \AppendGraphicsExtensions on input line 456.
)
*geometry* driver: auto-detecting
*geometry* detected driver: pdftex
*geometry* verbose mode - [ preamble ] result:
* driver: pdftex
* paper: a4paper
* layout: <same size as paper>
* layoutoffset:(h,v)=(0.0pt,0.0pt)
* modes: 
* h-part:(L,W,R)=(89.62709pt, 418.25368pt, 89.6271pt)
* v-part:(T,H,B)=(101.40665pt, 591.5302pt, 152.11pt)
* \paperwidth=597.50787pt
* \paperheight=845.04684pt
* \textwidth=418.25368pt
* \textheight=591.5302pt
* \oddsidemargin=17.3571pt
* \evensidemargin=17.3571pt
* \topmargin=-7.86334pt
* \headheight=12.0pt
* \headsep=25.0pt
* \topskip=12.0pt
* \footskip=30.0pt
* \marginparwidth=35.0pt
* \marginparsep=10.0pt
* \columnsep=10.0pt
* \skip\footins=10.8pt plus 4.0pt minus 2.0pt
* \hoffset=0.0pt
* \voffset=0.0pt
* \mag=1000
* \@twocolumnfalse
* \@twosidefalse
* \@mparswitchfalse
* \@reversemarginfalse
* (1in=72.27pt=25.4mm, 1cm=28.453pt)

Package caption Info: Begin \AtBeginDocument code.
Package caption Info: hyperref package is loaded.
Package caption Info: longtable package is loaded.
(C:\Users\Tomek\AppData\Roaming\MiKTeX\2.9\tex\latex\caption\ltcaption.sty
Package: ltcaption 2013/06/09 v1.4-94 longtable captions (AR)
)
Package caption Info: rotating package is loaded.
Package caption Info: End \AtBeginDocument code.
\AtBeginShipoutBox=\box40

("C:\Program Files (x86)\MiKTeX 2.9\tex\latex\oberdiek\pdflscape.sty"
Package: pdflscape 2016/05/14 v0.11 Display of landscape pages in PDF (HO)

("C:\Program Files (x86)\MiKTeX 2.9\tex\latex\graphics\lscape.sty"
Package: lscape 2000/10/22 v3.01 Landscape Pages (DPC)
)
Package pdflscape Info: Auto-detected driver: pdftex on input line 81.
)
Package hyperref Info: Link coloring ON on input line 49.

("C:\Program Files (x86)\MiKTeX 2.9\tex\latex\hyperref\nameref.sty"
Package: nameref 2016/05/21 v2.44 Cross-referencing by name of section

("C:\Program Files (x86)\MiKTeX 2.9\tex\generic\oberdiek\gettitlestring.sty"
Package: gettitlestring 2016/05/16 v1.5 Cleanup title references (HO)
)
\c@section@level=\count139
)
LaTeX Info: Redefining \ref on input line 49.
LaTeX Info: Redefining \pageref on input line 49.
LaTeX Info: Redefining \nameref on input line 49.

(praca_magisterska.out) (praca_magisterska.out)
\@outlinefile=\write3
\openout3 = `praca_magisterska.out'.


<logo.jpg, id=91, 200.75pt x 192.72pt>
File: logo.jpg Graphic file (type jpg)
 <use logo.jpg>
Package pdftex.def Info: logo.jpg used on input line 56.
(pdftex.def)             Requested size: 111.14186pt x 106.69783pt.
LaTeX Font Info:    Try loading font information for T1+phv on input line 59.

("C:\Program Files (x86)\MiKTeX 2.9\tex\latex\psnfss\t1phv.fd"
File: t1phv.fd 2001/06/04 scalable font definitions for T1/phv.
)
LaTeX Font Info:    Font shape `T1/phv/bx/n' in size <20.74> not available
(Font)              Font shape `T1/phv/b/n' tried instead on input line 64.
LaTeX Font Info:    Font shape `T1/phv/bx/n' in size <17.28> not available
(Font)              Font shape `T1/phv/b/n' tried instead on input line 67.
LaTeX Font Info:    Font shape `T1/phv/bx/n' in size <10.95> not available
(Font)              Font shape `T1/phv/b/n' tried instead on input line 69.
LaTeX Font Info:    Font shape `T1/phv/bx/n' in size <24.88> not available
(Font)              Font shape `T1/phv/b/n' tried instead on input line 73.
LaTeX Font Info:    Font shape `T1/phv/bx/n' in size <14.4> not available
(Font)              Font shape `T1/phv/b/n' tried instead on input line 78.
 [1

{C:/Users/Tomek/AppData/Local/MiKTeX/2.9/pdftex/config/pdftex.map} <./logo.jpg>
]

Package geometry Warning: Over-specification in `v'-direction.
    `height' (722.7pt) is ignored.

*geometry* verbose mode - [ newgeometry ] result:
* driver: pdftex
* paper: a4paper
* layout: <same size as paper>
* layoutoffset:(h,v)=(0.0pt,0.0pt)
* modes: 
* h-part:(L,W,R)=(89.62709pt, 418.25368pt, 89.6271pt)
* v-part:(T,H,B)=(71.13188pt, 702.78308pt, 71.13188pt)
* \paperwidth=597.50787pt
* \paperheight=845.04684pt
* \textwidth=418.25368pt
* \textheight=702.78308pt
* \oddsidemargin=17.3571pt
* \evensidemargin=17.3571pt
* \topmargin=-38.1381pt
* \headheight=12.0pt
* \headsep=25.0pt
* \topskip=12.0pt
* \footskip=30.0pt
* \marginparwidth=35.0pt
* \marginparsep=10.0pt
* \columnsep=10.0pt
* \skip\footins=10.8pt plus 4.0pt minus 2.0pt
* \hoffset=0.0pt
* \voffset=0.0pt
* \mag=1000
* \@twocolumnfalse
* \@twosidefalse
* \@mparswitchfalse
* \@reversemarginfalse
* (1in=72.27pt=25.4mm, 1cm=28.453pt)

[2

] [3] [4] (praca_magisterska.toc)
\tf@toc=\write4
\openout4 = `praca_magisterska.toc'.

 [5] [6] [7]
<../img/TCpiecschemat.png, id=153, 342.5297pt x 420.06938pt>
File: ../img/TCpiecschemat.png Graphic file (type png)

<use ../img/TCpiecschemat.png>
Package pdftex.def Info: ../img/TCpiecschemat.png used on input line 152.
(pdftex.def)             Requested size: 291.15161pt x 357.06067pt.
 [8 <../img/TCpiecschemat.png>]
<../img/piecfoto.jpg, id=161, 2457.18pt x 3276.24pt>
File: ../img/piecfoto.jpg Graphic file (type jpg)
 <use ../img/piecfoto.jpg>
Package pdftex.def Info: ../img/piecfoto.jpg used on input line 159.
(pdftex.def)             Requested size: 245.73239pt x 327.64319pt.

[9 <../img/piecfoto.jpg>] <../img/pila.png, id=168, 313.17pt x 316.93407pt>
File: ../img/pila.png Graphic file (type png)

<use ../img/pila.png>
Package pdftex.def Info: ../img/pila.png used on input line 187.
(pdftex.def)             Requested size: 313.16922pt x 316.93329pt.
 [10 <../img/pila.png>]
Overfull \hbox (2.86609pt too wide) in paragraph at lines 223--223
[]\T1/cmr/bx/n/14.4 Przygotowanie pró-bek do po-mia-rów opor-no-±ci elek-trycz-

 []

<../img/druciki.png, id=177, 225.09094pt x 167.87718pt>
File: ../img/druciki.png Graphic file (type png)

<use ../img/druciki.png>
Package pdftex.def Info: ../img/druciki.png used on input line 241.
(pdftex.def)             Requested size: 334.60422pt x 249.584pt.
 [11]
<../img/probkaOpor.png, id=185, 747.54282pt x 444.91219pt>
File: ../img/probkaOpor.png Graphic file (type png)

<use ../img/probkaOpor.png>
Package pdftex.def Info: ../img/probkaOpor.png used on input line 261.
(pdftex.def)             Requested size: 292.77629pt x 174.24823pt.


LaTeX Warning: `h' float specifier changed to `ht'.

<../img/schemat.png, id=187, 580.41844pt x 222.07968pt>
File: ../img/schemat.png Graphic file (type png)

<use ../img/schemat.png>
Package pdftex.def Info: ../img/schemat.png used on input line 270.
(pdftex.def)             Requested size: 418.25368pt x 160.03279pt.


LaTeX Warning: `h' float specifier changed to `ht'.

[12 <../img/druciki.png>] [13 <../img/probkaOpor.png> <../img/schemat.png>]
Overfull \hbox (3.33759pt too wide) in paragraph at lines 330--333
[]\T1/cmr/m/n/12 Podstawow¡ me-to-d¡ ba-da-nia sub-stan-cji po-li-kry-sta-licz-
nych jest me-to-da Debye'a-
 []

[14] <../img/biegPromieni.png, id=210, 267.24844pt x 317.68687pt>
File: ../img/biegPromieni.png Graphic file (type png)

<use ../img/biegPromieni.png>
Package pdftex.def Info: ../img/biegPromieni.png used on input line 366.
(pdftex.def)             Requested size: 267.24779pt x 317.68608pt.


LaTeX Warning: `h' float specifier changed to `ht'.

[15] [16 <../img/biegPromieni.png>]

LaTeX Warning: Command \" invalid in math mode on input line 404.

Missing character: There is no ü in font cmr12!
[17] [18] [19]
*geometry* verbose mode - [ newgeometry ] result:
* driver: pdftex
* paper: a4paper
* layout: <same size as paper>
* layoutoffset:(h,v)=(0.0pt,0.0pt)
* modes: 
* h-part:(L,W,R)=(14.22636pt, 569.05515pt, 14.22636pt)
* v-part:(T,H,B)=(48.93872pt, 722.7pt, 73.40813pt)
* \paperwidth=597.50787pt
* \paperheight=845.04684pt
* \textwidth=569.05515pt
* \textheight=722.7pt
* \oddsidemargin=-58.04362pt
* \evensidemargin=-58.04362pt
* \topmargin=-60.33127pt
* \headheight=12.0pt
* \headsep=25.0pt
* \topskip=12.0pt
* \footskip=30.0pt
* \marginparwidth=35.0pt
* \marginparsep=10.0pt
* \columnsep=10.0pt
* \skip\footins=10.8pt plus 4.0pt minus 2.0pt
* \hoffset=0.0pt
* \voffset=0.0pt
* \mag=1000
* \@twocolumnfalse
* \@twosidefalse
* \@mparswitchfalse
* \@reversemarginfalse
* (1in=72.27pt=25.4mm, 1cm=28.453pt)

 <../img/dif/DyFe2rentgen.jpg, id=260, 820.9872pt x 573.1011pt>
File: ../img/dif/DyFe2rentgen.jpg Graphic file (type jpg)

<use ../img/dif/DyFe2rentgen.jpg>
Package pdftex.def Info: ../img/dif/DyFe2rentgen.jpg used on input line 536.
(pdftex.def)             Requested size: 614.29941pt x 428.83661pt.

<../img/dif/GdFe2rentgen.jpg, id=261, 794.97pt x 614.295pt>
File: ../img/dif/GdFe2rentgen.jpg Graphic file (type jpg)

<use ../img/dif/GdFe2rentgen.jpg>
Package pdftex.def Info: ../img/dif/GdFe2rentgen.jpg used on input line 544.
(pdftex.def)             Requested size: 578.1622pt x 446.77252pt.

<../img/dif/HoFe2rentger.jpg, id=262, 820.9872pt x 573.1011pt>
File: ../img/dif/HoFe2rentger.jpg Graphic file (type jpg)

<use ../img/dif/HoFe2rentger.jpg>
Package pdftex.def Info: ../img/dif/HoFe2rentger.jpg used on input line 552.
(pdftex.def)             Requested size: 614.29941pt x 428.83661pt.

<../img/dif/TbFe2rentgen.jpg, id=263, 820.9872pt x 573.1011pt>
File: ../img/dif/TbFe2rentgen.jpg Graphic file (type jpg)

<use ../img/dif/TbFe2rentgen.jpg>
Package pdftex.def Info: ../img/dif/TbFe2rentgen.jpg used on input line 560.
(pdftex.def)             Requested size: 614.29941pt x 428.83661pt.

<../img/dif/YFe2rentgen.jpg, id=264, 820.9872pt x 573.1011pt>
File: ../img/dif/YFe2rentgen.jpg Graphic file (type jpg)

<use ../img/dif/YFe2rentgen.jpg>
Package pdftex.def Info: ../img/dif/YFe2rentgen.jpg used on input line 568.
(pdftex.def)             Requested size: 614.29941pt x 428.83661pt.
 [20 <../img/dif/DyFe2rentgen.jpg>] [21 <../img/dif/GdFe2rentgen.jpg>] [22 <../
img/dif/HoFe2rentger.jpg>] [23 <../img/dif/TbFe2rentgen.jpg>] [24 <../img/dif/Y
Fe2rentgen.jpg>]

Package geometry Warning: Over-specification in `v'-direction.
    `height' (722.7pt) is ignored.

*geometry* verbose mode - [ newgeometry ] result:
* driver: pdftex
* paper: a4paper
* layout: <same size as paper>
* layoutoffset:(h,v)=(0.0pt,0.0pt)
* modes: 
* h-part:(L,W,R)=(89.62709pt, 418.25368pt, 89.6271pt)
* v-part:(T,H,B)=(71.13188pt, 702.78308pt, 71.13188pt)
* \paperwidth=597.50787pt
* \paperheight=845.04684pt
* \textwidth=418.25368pt
* \textheight=702.78308pt
* \oddsidemargin=17.3571pt
* \evensidemargin=17.3571pt
* \topmargin=-38.1381pt
* \headheight=12.0pt
* \headsep=25.0pt
* \topskip=12.0pt
* \footskip=30.0pt
* \marginparwidth=35.0pt
* \marginparsep=10.0pt
* \columnsep=10.0pt
* \skip\footins=10.8pt plus 4.0pt minus 2.0pt
* \hoffset=0.0pt
* \voffset=0.0pt
* \mag=1000
* \@twocolumnfalse
* \@twosidefalse
* \@mparswitchfalse
* \@reversemarginfalse
* (1in=72.27pt=25.4mm, 1cm=28.453pt)


LaTeX Warning: Command \r invalid in math mode on input line 586.

Missing character: There is no Å in font cmr12!

LaTeX Warning: Command \r invalid in math mode on input line 586.

Missing character: There is no Å in font cmr12!

LaTeX Warning: Command \r invalid in math mode on input line 586.

Missing character: There is no Å in font cmr12!
<../img/aKomorki.png, id=292, 794.97pt x 614.295pt>
File: ../img/aKomorki.png Graphic file (type png)
 <use ../img/aKomorki.png>
Package pdftex.def Info: ../img/aKomorki.png used on input line 600.
(pdftex.def)             Requested size: 376.42575pt x 290.88393pt.

<../img/vKomorki.png, id=293, 844.8363pt x 597.432pt>
File: ../img/vKomorki.png Graphic file (type png)

<use ../img/vKomorki.png>
Package pdftex.def Info: ../img/vKomorki.png used on input line 607.
(pdftex.def)             Requested size: 376.42575pt x 266.19826pt.


LaTeX Warning: `h' float specifier changed to `ht'.

[25



 <../img/aKomorki.png>] [26 <../img/vKomorki.png>]
<../img/magneto/Dypoprzeczna.jpg, id=313, 794.97pt x 614.295pt>
File: ../img/magneto/Dypoprzeczna.jpg Graphic file (type jpg)

<use ../img/magneto/Dypoprzeczna.jpg>
Package pdftex.def Info: ../img/magneto/Dypoprzeczna.jpg used on input line 640
.
(pdftex.def)             Requested size: 376.42575pt x 290.88393pt.

<../img/magneto/Dywzdluzna.jpg, id=314, 794.97pt x 614.295pt>
File: ../img/magneto/Dywzdluzna.jpg Graphic file (type jpg)

<use ../img/magneto/Dywzdluzna.jpg>
Package pdftex.def Info: ../img/magneto/Dywzdluzna.jpg used on input line 647.
(pdftex.def)             Requested size: 376.42575pt x 290.88393pt.


LaTeX Warning: `h' float specifier changed to `ht'.

<../img/magneto/DyKsztaltu.jpg, id=315, 794.97pt x 614.295pt>
File: ../img/magneto/DyKsztaltu.jpg Graphic file (type jpg)

<use ../img/magneto/DyKsztaltu.jpg>
Package pdftex.def Info: ../img/magneto/DyKsztaltu.jpg used on input line 654.
(pdftex.def)             Requested size: 376.42575pt x 290.88393pt.


LaTeX Warning: `h' float specifier changed to `ht'.

<../img/magneto/DyObjetosc.jpg, id=316, 794.97pt x 614.295pt>
File: ../img/magneto/DyObjetosc.jpg Graphic file (type jpg)

<use ../img/magneto/DyObjetosc.jpg>
Package pdftex.def Info: ../img/magneto/DyObjetosc.jpg used on input line 661.
(pdftex.def)             Requested size: 376.42575pt x 290.88393pt.


LaTeX Warning: `h' float specifier changed to `ht'.

<../img/magneto/Gdpoprzeczna.jpg, id=317, 794.97pt x 614.295pt>
File: ../img/magneto/Gdpoprzeczna.jpg Graphic file (type jpg)

<use ../img/magneto/Gdpoprzeczna.jpg>
Package pdftex.def Info: ../img/magneto/Gdpoprzeczna.jpg used on input line 673
.
(pdftex.def)             Requested size: 376.42575pt x 290.88393pt.


LaTeX Warning: `h' float specifier changed to `ht'.

<../img/magneto/Gdwzdluzna.jpg, id=318, 794.97pt x 614.295pt>
File: ../img/magneto/Gdwzdluzna.jpg Graphic file (type jpg)

<use ../img/magneto/Gdwzdluzna.jpg>
Package pdftex.def Info: ../img/magneto/Gdwzdluzna.jpg used on input line 680.
(pdftex.def)             Requested size: 376.42575pt x 290.88393pt.


LaTeX Warning: `h' float specifier changed to `ht'.

<../img/magneto/GdKsztaltu.jpg, id=319, 794.97pt x 614.295pt>
File: ../img/magneto/GdKsztaltu.jpg Graphic file (type jpg)

<use ../img/magneto/GdKsztaltu.jpg>
Package pdftex.def Info: ../img/magneto/GdKsztaltu.jpg used on input line 687.
(pdftex.def)             Requested size: 376.42575pt x 290.88393pt.


LaTeX Warning: `h' float specifier changed to `ht'.

<../img/magneto/GdObjetosc.jpg, id=320, 794.97pt x 614.295pt>
File: ../img/magneto/GdObjetosc.jpg Graphic file (type jpg)

<use ../img/magneto/GdObjetosc.jpg>
Package pdftex.def Info: ../img/magneto/GdObjetosc.jpg used on input line 694.
(pdftex.def)             Requested size: 376.42575pt x 290.88393pt.


LaTeX Warning: `h' float specifier changed to `ht'.

[27 <../img/magneto/Dypoprzeczna.jpg>] [28 <../img/magneto/Dywzdluzna.jpg> <../
img/magneto/DyKsztaltu.jpg>] [29 <../img/magneto/DyObjetosc.jpg> <../img/magnet
o/Gdpoprzeczna.jpg>] [30 <../img/magneto/Gdwzdluzna.jpg> <../img/magneto/GdKszt
altu.jpg>] [31 <../img/magneto/GdObjetosc.jpg>]
<../img/magneto/Hopoprzeczna.jpg, id=353, 794.97pt x 614.295pt>
File: ../img/magneto/Hopoprzeczna.jpg Graphic file (type jpg)

<use ../img/magneto/Hopoprzeczna.jpg>
Package pdftex.def Info: ../img/magneto/Hopoprzeczna.jpg used on input line 713
.
(pdftex.def)             Requested size: 376.42575pt x 290.88393pt.

<../img/magneto/Howzdluzna.jpg, id=354, 794.97pt x 614.295pt>
File: ../img/magneto/Howzdluzna.jpg Graphic file (type jpg)

<use ../img/magneto/Howzdluzna.jpg>
Package pdftex.def Info: ../img/magneto/Howzdluzna.jpg used on input line 720.
(pdftex.def)             Requested size: 376.42575pt x 290.88393pt.


LaTeX Warning: `h' float specifier changed to `ht'.

<../img/magneto/HoKsztaltu.jpg, id=355, 794.97pt x 614.295pt>
File: ../img/magneto/HoKsztaltu.jpg Graphic file (type jpg)

<use ../img/magneto/HoKsztaltu.jpg>
Package pdftex.def Info: ../img/magneto/HoKsztaltu.jpg used on input line 727.
(pdftex.def)             Requested size: 376.42575pt x 290.88393pt.


LaTeX Warning: `h' float specifier changed to `ht'.

<../img/magneto/HoObjetosc.jpg, id=356, 794.97pt x 614.295pt>
File: ../img/magneto/HoObjetosc.jpg Graphic file (type jpg)

<use ../img/magneto/HoObjetosc.jpg>
Package pdftex.def Info: ../img/magneto/HoObjetosc.jpg used on input line 734.
(pdftex.def)             Requested size: 376.42575pt x 290.88393pt.


LaTeX Warning: `h' float specifier changed to `ht'.

<../img/magneto/Tbpoprzeczna.jpg, id=357, 794.97pt x 614.295pt>
File: ../img/magneto/Tbpoprzeczna.jpg Graphic file (type jpg)

<use ../img/magneto/Tbpoprzeczna.jpg>
Package pdftex.def Info: ../img/magneto/Tbpoprzeczna.jpg used on input line 744
.
(pdftex.def)             Requested size: 376.42575pt x 290.88393pt.


LaTeX Warning: `h' float specifier changed to `ht'.

<../img/magneto/Tbwzdluzna.jpg, id=358, 794.97pt x 614.295pt>
File: ../img/magneto/Tbwzdluzna.jpg Graphic file (type jpg)

<use ../img/magneto/Tbwzdluzna.jpg>
Package pdftex.def Info: ../img/magneto/Tbwzdluzna.jpg used on input line 751.
(pdftex.def)             Requested size: 376.42575pt x 290.88393pt.


LaTeX Warning: `h' float specifier changed to `ht'.

<../img/magneto/TbKsztaltu.jpg, id=359, 794.97pt x 614.295pt>
File: ../img/magneto/TbKsztaltu.jpg Graphic file (type jpg)

<use ../img/magneto/TbKsztaltu.jpg>
Package pdftex.def Info: ../img/magneto/TbKsztaltu.jpg used on input line 758.
(pdftex.def)             Requested size: 376.42575pt x 290.88393pt.


LaTeX Warning: `h' float specifier changed to `ht'.

<../img/magneto/TbObjetosc.jpg, id=360, 794.97pt x 614.295pt>
File: ../img/magneto/TbObjetosc.jpg Graphic file (type jpg)

<use ../img/magneto/TbObjetosc.jpg>
Package pdftex.def Info: ../img/magneto/TbObjetosc.jpg used on input line 765.
(pdftex.def)             Requested size: 376.42575pt x 290.88393pt.


LaTeX Warning: `h' float specifier changed to `ht'.

<../img/magneto/Ypoprzeczna.jpg, id=361, 794.97pt x 614.295pt>
File: ../img/magneto/Ypoprzeczna.jpg Graphic file (type jpg)

<use ../img/magneto/Ypoprzeczna.jpg>
Package pdftex.def Info: ../img/magneto/Ypoprzeczna.jpg used on input line 776.

(pdftex.def)             Requested size: 376.42575pt x 290.88393pt.


LaTeX Warning: `h' float specifier changed to `ht'.

<../img/magneto/Ywzdluzna.jpg, id=362, 794.97pt x 614.295pt>
File: ../img/magneto/Ywzdluzna.jpg Graphic file (type jpg)

<use ../img/magneto/Ywzdluzna.jpg>
Package pdftex.def Info: ../img/magneto/Ywzdluzna.jpg used on input line 783.
(pdftex.def)             Requested size: 376.42575pt x 290.88393pt.


LaTeX Warning: `h' float specifier changed to `ht'.

<../img/magneto/YKsztaltu.jpg, id=363, 794.97pt x 614.295pt>
File: ../img/magneto/YKsztaltu.jpg Graphic file (type jpg)

<use ../img/magneto/YKsztaltu.jpg>
Package pdftex.def Info: ../img/magneto/YKsztaltu.jpg used on input line 790.
(pdftex.def)             Requested size: 376.42575pt x 290.88393pt.


LaTeX Warning: `h' float specifier changed to `ht'.

<../img/magneto/YObjetosc.jpg, id=364, 794.97pt x 614.295pt>
File: ../img/magneto/YObjetosc.jpg Graphic file (type jpg)

<use ../img/magneto/YObjetosc.jpg>
Package pdftex.def Info: ../img/magneto/YObjetosc.jpg used on input line 797.
(pdftex.def)             Requested size: 376.42575pt x 290.88393pt.


LaTeX Warning: `h' float specifier changed to `ht'.

[32

 <../img/magneto/Hopoprzeczna.jpg>] [33 <../img/magneto/Howzdluzna.jpg> <../img
/magneto/HoKsztaltu.jpg>] [34 <../img/magneto/HoObjetosc.jpg> <../img/magneto/T
bpoprzeczna.jpg>] [35 <../img/magneto/Tbwzdluzna.jpg> <../img/magneto/TbKsztalt
u.jpg>] [36 <../img/magneto/TbObjetosc.jpg> <../img/magneto/Ypoprzeczna.jpg>] [
37 <../img/magneto/Ywzdluzna.jpg> <../img/magneto/YKsztaltu.jpg>] [38 <../img/m
agneto/YObjetosc.jpg>]
\openout2 = `opornosc.aux'.

 (opornosc.tex
<../img/opor/skladoweDy.jpg, id=405, 844.8363pt x 597.432pt>
File: ../img/opor/skladoweDy.jpg Graphic file (type jpg)

<use ../img/opor/skladoweDy.jpg>
Package pdftex.def Info: ../img/opor/skladoweDy.jpg used on input line 69.
(pdftex.def)             Requested size: 355.51817pt x 251.41199pt.

<../img/opor/pochodnaDy.jpg, id=406, 844.8363pt x 597.432pt>
File: ../img/opor/pochodnaDy.jpg Graphic file (type jpg)

<use ../img/opor/pochodnaDy.jpg>
Package pdftex.def Info: ../img/opor/pochodnaDy.jpg used on input line 76.
(pdftex.def)             Requested size: 334.60422pt x 236.61662pt.

<../img/opor/skladoweGd.png, id=407, 844.8363pt x 597.432pt>
File: ../img/opor/skladoweGd.png Graphic file (type png)

<use ../img/opor/skladoweGd.png>
Package pdftex.def Info: ../img/opor/skladoweGd.png used on input line 86.
(pdftex.def)             Requested size: 334.60422pt x 236.61662pt.

<../img/opor/pochodnaGd.jpg, id=408, 844.8363pt x 597.432pt>
File: ../img/opor/pochodnaGd.jpg Graphic file (type jpg)

<use ../img/opor/pochodnaGd.jpg>
Package pdftex.def Info: ../img/opor/pochodnaGd.jpg used on input line 93.
(pdftex.def)             Requested size: 334.60422pt x 236.61662pt.

<../img/opor/skladoweHo.jpg, id=409, 794.97pt x 614.295pt>
File: ../img/opor/skladoweHo.jpg Graphic file (type jpg)

<use ../img/opor/skladoweHo.jpg>
Package pdftex.def Info: ../img/opor/skladoweHo.jpg used on input line 104.
(pdftex.def)             Requested size: 334.60422pt x 258.56453pt.

<../img/opor/pochodnaHo.jpg, id=410, 794.97pt x 614.295pt>
File: ../img/opor/pochodnaHo.jpg Graphic file (type jpg)

<use ../img/opor/pochodnaHo.jpg>
Package pdftex.def Info: ../img/opor/pochodnaHo.jpg used on input line 111.
(pdftex.def)             Requested size: 334.60422pt x 258.56453pt.

<../img/opor/skladoweTb.jpg, id=411, 844.8363pt x 597.432pt>
File: ../img/opor/skladoweTb.jpg Graphic file (type jpg)

<use ../img/opor/skladoweTb.jpg>
Package pdftex.def Info: ../img/opor/skladoweTb.jpg used on input line 122.
(pdftex.def)             Requested size: 334.60422pt x 236.61662pt.

<../img/opor/pochodnaTb.jpg, id=412, 844.8363pt x 597.432pt>
File: ../img/opor/pochodnaTb.jpg Graphic file (type jpg)

<use ../img/opor/pochodnaTb.jpg>
Package pdftex.def Info: ../img/opor/pochodnaTb.jpg used on input line 129.
(pdftex.def)             Requested size: 334.60422pt x 236.61662pt.

<../img/opor/skladoweY.jpg, id=413, 794.97pt x 614.295pt>
File: ../img/opor/skladoweY.jpg Graphic file (type jpg)

<use ../img/opor/skladoweY.jpg>
Package pdftex.def Info: ../img/opor/skladoweY.jpg used on input line 140.
(pdftex.def)             Requested size: 334.60422pt x 258.56453pt.

<../img/opor/pochodnaY.jpg, id=414, 794.97pt x 614.295pt>
File: ../img/opor/pochodnaY.jpg Graphic file (type jpg)

<use ../img/opor/pochodnaY.jpg>
Package pdftex.def Info: ../img/opor/pochodnaY.jpg used on input line 147.
(pdftex.def)             Requested size: 334.60422pt x 258.56453pt.
 [39

 <../img/opor/skladoweDy.jpg>] [40 <../img/opor/pochodnaDy.jpg> <../img/opor/sk
ladoweGd.png>] [41 <../img/opor/pochodnaGd.jpg> <../img/opor/skladoweHo.jpg>] [
42 <../img/opor/pochodnaHo.jpg> <../img/opor/skladoweTb.jpg>] [43 <../img/opor/
pochodnaTb.jpg> <../img/opor/skladoweY.jpg>] [44 <../img/opor/pochodnaY.jpg>]
Overfull \hbox (45.6756pt too wide) in paragraph at lines 166--176
 [][] 
 []

<../img/TempCurie1.png, id=454, 844.8363pt x 597.432pt>
File: ../img/TempCurie1.png Graphic file (type png)

<use ../img/TempCurie1.png>
Package pdftex.def Info: ../img/TempCurie1.png used on input line 200.
(pdftex.def)             Requested size: 418.25368pt x 295.77077pt.
) [45

] [46 <../img/TempCurie1.png>] [47

]
\openout2 = `dodatki.aux'.


(dodatki.tex [48

] [49] [50

] [51

] [52] [53] [54] [55] [56

] [57] [58] [59

]
[60] [61] [62]
Overfull \hbox (8.54008pt too wide) in alignment at lines 874--906
 [] [] [] [] [] [] [] [] 
 []


Overfull \hbox (8.54008pt too wide) in alignment at lines 906--926
 [] [] [] [] [] [] [] [] 
 []


Overfull \hbox (8.54008pt too wide) in alignment at lines 926--946
 [] [] [] [] [] [] [] [] 
 []


Overfull \hbox (8.54008pt too wide) in alignment at lines 946--966
 [] [] [] [] [] [] [] [] 
 []

[63

]
Overfull \hbox (8.54008pt too wide) in alignment at lines 966--986
 [] [] [] [] [] [] [] [] 
 []


Overfull \hbox (8.54008pt too wide) in alignment at lines 986--1006
 [] [] [] [] [] [] [] [] 
 []


Overfull \hbox (8.54008pt too wide) in alignment at lines 1006--1014
 [] [] [] [] [] [] [] [] 
 []

[64] [65]
Overfull \hbox (14.99806pt too wide) in alignment at lines 1026--1058
 [] [] [] [] [] [] [] [] 
 []


Overfull \hbox (14.99806pt too wide) in alignment at lines 1058--1078
 [] [] [] [] [] [] [] [] 
 []


Overfull \hbox (14.99806pt too wide) in alignment at lines 1078--1098
 [] [] [] [] [] [] [] [] 
 []


Overfull \hbox (14.99806pt too wide) in alignment at lines 1098--1118
 [] [] [] [] [] [] [] [] 
 []

[66

]
Overfull \hbox (14.99806pt too wide) in alignment at lines 1118--1138
 [] [] [] [] [] [] [] [] 
 []


Overfull \hbox (14.99806pt too wide) in alignment at lines 1138--1158
 [] [] [] [] [] [] [] [] 
 []


Overfull \hbox (14.99806pt too wide) in alignment at lines 1158--1178
 [] [] [] [] [] [] [] [] 
 []

[67]
Overfull \hbox (14.99806pt too wide) in alignment at lines 1178--1180
 [] [] [] [] [] [] [] [] 
 []


Overfull \hbox (10.7491pt too wide) in alignment at lines 1190--1222
 [] [] [] [] [] [] [] [] 
 []


Overfull \hbox (10.7491pt too wide) in alignment at lines 1222--1242
 [] [] [] [] [] [] [] [] 
 []

[68]
Overfull \hbox (10.7491pt too wide) in alignment at lines 1242--1262
 [] [] [] [] [] [] [] [] 
 []


Overfull \hbox (10.7491pt too wide) in alignment at lines 1262--1282
 [] [] [] [] [] [] [] [] 
 []


Overfull \hbox (10.7491pt too wide) in alignment at lines 1282--1302
 [] [] [] [] [] [] [] [] 
 []

[69]
Overfull \hbox (10.7491pt too wide) in alignment at lines 1302--1322
 [] [] [] [] [] [] [] [] 
 []


Overfull \hbox (10.7491pt too wide) in alignment at lines 1322--1329
 [] [] [] [] [] [] [] [] 
 []


Overfull \hbox (10.7491pt too wide) in alignment at lines 1339--1372
 [] [] [] [] [] [] [] [] 
 []

[70]
Overfull \hbox (10.7491pt too wide) in alignment at lines 1372--1392
 [] [] [] [] [] [] [] [] 
 []


Overfull \hbox (10.7491pt too wide) in alignment at lines 1392--1412
 [] [] [] [] [] [] [] [] 
 []


Overfull \hbox (10.7491pt too wide) in alignment at lines 1412--1432
 [] [] [] [] [] [] [] [] 
 []

[71]
Overfull \hbox (10.7491pt too wide) in alignment at lines 1432--1452
 [] [] [] [] [] [] [] [] 
 []


Overfull \hbox (10.7491pt too wide) in alignment at lines 1452--1472
 [] [] [] [] [] [] [] [] 
 []


Overfull \hbox (10.7491pt too wide) in alignment at lines 1472--1492
 [] [] [] [] [] [] [] [] 
 []

[72]
Overfull \hbox (10.7491pt too wide) in alignment at lines 1492--1501
 [] [] [] [] [] [] [] [] 
 []


Overfull \hbox (14.99806pt too wide) in alignment at lines 1510--1543
 [] [] [] [] [] [] [] [] 
 []


Overfull \hbox (14.99806pt too wide) in alignment at lines 1543--1563
 [] [] [] [] [] [] [] [] 
 []

[73]
Overfull \hbox (14.99806pt too wide) in alignment at lines 1563--1583
 [] [] [] [] [] [] [] [] 
 []


Overfull \hbox (14.99806pt too wide) in alignment at lines 1583--1603
 [] [] [] [] [] [] [] [] 
 []


Overfull \hbox (14.99806pt too wide) in alignment at lines 1603--1623
 [] [] [] [] [] [] [] [] 
 []

[74]
Overfull \hbox (14.99806pt too wide) in alignment at lines 1623--1643
 [] [] [] [] [] [] [] [] 
 []


Overfull \hbox (14.99806pt too wide) in alignment at lines 1643--1651
 [] [] [] [] [] [] [] [] 
 []

[75]) [76] (praca_magisterska.lot)
\tf@lot=\write5
\openout5 = `praca_magisterska.lot'.

 [77

] (praca_magisterska.lof [78])
\tf@lof=\write6
\openout6 = `praca_magisterska.lof'.

Package atveryend Info: Empty hook `BeforeClearDocument' on input line 1394.
 [79]
Package atveryend Info: Empty hook `AfterLastShipout' on input line 1394.

(praca_magisterska.aux (opornosc.aux) (dodatki.aux))
Package atveryend Info: Executing hook `AtVeryEndDocument' on input line 1394.
Package atveryend Info: Executing hook `AtEndAfterFileList' on input line 1394.

Package rerunfilecheck Info: File `praca_magisterska.out' has not changed.
(rerunfilecheck)             Checksum: F8850E3EB661D2E2A69070FE20F804A8;1653.


LaTeX Warning: There were multiply-defined labels.

Package atveryend Info: Empty hook `AtVeryVeryEnd' on input line 1394.
 ) 
Here is how much of TeX's memory you used:
 10682 strings out of 493335
 163907 string characters out of 3136681
 321350 words of memory out of 3000000
 13720 multiletter control sequences out of 15000+200000
 47026 words of font info for 68 fonts, out of 3000000 for 9000
 1141 hyphenation exceptions out of 8191
 51i,10n,91p,1274b,546s stack positions out of 5000i,500n,10000p,200000b,50000s
 <C:\Users\Tomek\AppData\Local\MiKTeX\2.9\fonts\pk\ljfour\jknappen\ec\dpi600\
ecrm0800.pk> <C:\Users\Tomek\AppData\Local\MiKTeX\2.9\fonts\pk\ljfour\jknappen\
ec\dpi600\ecrm1000.pk> <C:\Users\Tomek\AppData\Local\MiKTeX\2.9\fonts\pk\ljfour
\jknappen\ec\dpi600\ecrm1095.pk> <C:\Users\Tomek\AppData\Local\MiKTeX\2.9\fonts
\pk\ljfour\jknappen\ec\dpi600\ecti1095.pk> <C:\Users\Tomek\AppData\Local\MiKTeX
\2.9\fonts\pk\ljfour\jknappen\ec\dpi600\ecbi1095.pk> <C:\Users\Tomek\AppData\Lo
cal\MiKTeX\2.9\fonts\pk\ljfour\jknappen\ec\dpi600\ecbx1440.pk> <C:\Users\Tomek\
AppData\Local\MiKTeX\2.9\fonts\pk\ljfour\jknappen\ec\dpi600\ecbx1200.pk> <C:\Us
ers\Tomek\AppData\Local\MiKTeX\2.9\fonts\pk\ljfour\jknappen\ec\dpi600\ecbx1728.
pk> <C:\Users\Tomek\AppData\Local\MiKTeX\2.9\fonts\pk\ljfour\jknappen\ec\dpi600
\ecrm1200.pk>{C:/Program Files (x86)/MiKTeX 2.9/fonts/enc/dvips/fontname/8r.enc
}<C:/Program Files (x86)/MiKTeX 2.9/fonts/type1/public/amsfonts/cm/cmex10.pfb><
C:/Program Files (x86)/MiKTeX 2.9/fonts/type1/public/amsfonts/cm/cmmi10.pfb><C:
/Program Files (x86)/MiKTeX 2.9/fonts/type1/public/amsfonts/cm/cmmi12.pfb><C:/P
rogram Files (x86)/MiKTeX 2.9/fonts/type1/public/amsfonts/cm/cmmi6.pfb><C:/Prog
ram Files (x86)/MiKTeX 2.9/fonts/type1/public/amsfonts/cm/cmmi7.pfb><C:/Program
 Files (x86)/MiKTeX 2.9/fonts/type1/public/amsfonts/cm/cmmi8.pfb><C:/Program Fi
les (x86)/MiKTeX 2.9/fonts/type1/public/amsfonts/cm/cmr10.pfb><C:/Program Files
 (x86)/MiKTeX 2.9/fonts/type1/public/amsfonts/cm/cmr12.pfb><C:/Program Files (x
86)/MiKTeX 2.9/fonts/type1/public/amsfonts/cm/cmr6.pfb><C:/Program Files (x86)/
MiKTeX 2.9/fonts/type1/public/amsfonts/cm/cmr7.pfb><C:/Program Files (x86)/MiKT
eX 2.9/fonts/type1/public/amsfonts/cm/cmr8.pfb><C:/Program Files (x86)/MiKTeX 2
.9/fonts/type1/public/amsfonts/cm/cmsy10.pfb><C:/Program Files (x86)/MiKTeX 2.9
/fonts/type1/public/amsfonts/cm/cmsy6.pfb><C:/Program Files (x86)/MiKTeX 2.9/fo
nts/type1/public/amsfonts/cm/cmsy7.pfb><C:/Program Files (x86)/MiKTeX 2.9/fonts
/type1/public/amsfonts/cm/cmsy8.pfb><C:/Program Files (x86)/MiKTeX 2.9/fonts/ty
pe1/urw/helvetic/uhvb8a.pfb><C:/Program Files (x86)/MiKTeX 2.9/fonts/type1/urw/
helvetic/uhvr8a.pfb>
Output written on praca_magisterska.pdf (79 pages, 26490354 bytes).
PDF statistics:
 1270 PDF objects out of 1440 (max. 8388607)
 189 named destinations out of 1000 (max. 500000)
 407 words of extra memory for PDF output out of 10000 (max. 10000000)

