\BOOKMARK [1][-]{section.1}{Wstep}{}% 1
\BOOKMARK [1][-]{section.2}{Przygotowanie oraz metody pomiaru pr\363bek}{}% 2
\BOOKMARK [2][-]{subsection.2.1}{Wytapianie i ciecie pr\363bek}{section.2}% 3
\BOOKMARK [2][-]{subsection.2.2}{Przygotowanie pr\363bek do pomiar\363w opornosci elektrycznej}{section.2}% 4
\BOOKMARK [2][-]{subsection.2.3}{Przygotowanie do pomiar\363w magnetostrykcji}{section.2}% 5
\BOOKMARK [1][-]{section.3}{Metody pomiarowe}{}% 6
\BOOKMARK [2][-]{subsection.3.1}{Metoda proszkowa Debye'a-Scherrera-Hulla}{section.3}% 7
\BOOKMARK [2][-]{subsection.3.2}{Metoda pomiaru opornosci w\233asciwej}{section.3}% 8
\BOOKMARK [2][-]{subsection.3.3}{Metoda pomiaru magnetostrykcji}{section.3}% 9
\BOOKMARK [1][-]{section.4}{Wyniki pomiar\363w}{}% 10
\BOOKMARK [2][-]{subsection.4.1}{Wyniki pomiar\363w dyfrakcyjnych}{section.4}% 11
\BOOKMARK [2][-]{subsection.4.2}{Wyniki pomiar\363w magnetostrykcji}{section.4}% 12
\BOOKMARK [2][-]{subsection.4.3}{Wyniki pomiar\363w opornosci elektrycznej}{section.4}% 13
\BOOKMARK [2][-]{subsection.4.4}{Parametry opornosci w\233asciwej badanych pr\363bek}{section.4}% 14
\BOOKMARK [1][-]{section.5}{Podsumoanie}{}% 15
\BOOKMARK [1][-]{Dodatek.a.A}{Dodatek Tablice technologiczne}{}% 16
\BOOKMARK [1][-]{Dodatek.a.B}{Dodatek Tabele rentgenograficzne}{}% 17
\BOOKMARK [1][-]{Dodatek.a.C}{Dodatek Przyk\233adowy plik z danymi z pomiaru opornosci}{}% 18
\BOOKMARK [1][-]{Dodatek.a.D}{Dodatek Tabele magnetostrykcji}{}% 19
\BOOKMARK [1][-]{Dodatek.a.E}{Dodatek Tabele przewodnictwa}{}% 20
\BOOKMARK [1][-]{section*.55}{Spis tabel}{}% 21
\BOOKMARK [1][-]{section*.56}{Spis rysunk\363w}{}% 22
